<?xml version="1.0" encoding="UTF-8"?>
<testng-results ignored="0" total="1" passed="1" failed="0" skipped="0">
  <reporter-output>
  </reporter-output>
  <suite started-at="2019-06-28T19:05:54Z" name="Default suite" finished-at="2019-06-28T19:05:58Z" duration-ms="4356">
    <groups>
    </groups>
    <test started-at="2019-06-28T19:05:54Z" name="Default test" finished-at="2019-06-28T19:05:58Z" duration-ms="4356">
      <class name="LoginPageTest">
        <test-method signature="setup()[pri:0, instance:LoginPageTest@3e3047e6]" started-at="2019-06-28T19:05:54Z" name="setup" finished-at="2019-06-28T19:05:58Z" duration-ms="4317" status="PASS">
          <reporter-output>
          </reporter-output>
        </test-method> <!-- setup -->
      </class> <!-- LoginPageTest -->
    </test> <!-- Default test -->
  </suite> <!-- Default suite -->
</testng-results>
